<?xml version="1.0" encoding="UTF-8"?>
<!-- Generated by org.testng.reporters.JUnitReportReporter -->
<testsuite skipped="0" hostname="HP-PC" name="cucumberOptions.TestNG_testRunner" tests="1" failures="0" timestamp="23 Dec 2022 03:46:10 GMT" time="27.798" errors="0">
  <testcase name="runScenario" time="27.798" classname="cucumberOptions.TestNG_testRunner"/>
</testsuite> <!-- cucumberOptions.TestNG_testRunner -->
